2015.03.16 13:23 B C:\Users\ProBook\Desktop\comp 213 Webpage Matter\NEM\background.jpg --> studentweb.cencol.ca /mkhanna6/NEM background.jpg
2015.03.16 13:23 B C:\Users\ProBook\Desktop\comp 213 Webpage Matter\NEM\bg.jpg --> studentweb.cencol.ca /mkhanna6/NEM bg.jpg
2015.03.16 13:23 B C:\Users\ProBook\Desktop\comp 213 Webpage Matter\NEM\Career.html --> studentweb.cencol.ca /mkhanna6/NEM Career.html
2015.03.16 13:23 B C:\Users\ProBook\Desktop\comp 213 Webpage Matter\NEM\Contact.html --> studentweb.cencol.ca /mkhanna6/NEM Contact.html
2015.03.16 13:23 B C:\Users\ProBook\Desktop\comp 213 Webpage Matter\NEM\Education.html --> studentweb.cencol.ca /mkhanna6/NEM Education.html
2015.03.16 13:23 B C:\Users\ProBook\Desktop\comp 213 Webpage Matter\NEM\Facebook.png --> studentweb.cencol.ca /mkhanna6/NEM Facebook.png
2015.03.16 13:23 B C:\Users\ProBook\Desktop\comp 213 Webpage Matter\NEM\Instagram.gif --> studentweb.cencol.ca /mkhanna6/NEM Instagram.gif
2015.03.16 13:23 B C:\Users\ProBook\Desktop\comp 213 Webpage Matter\NEM\Instagram.jpg --> studentweb.cencol.ca /mkhanna6/NEM Instagram.jpg
2015.03.16 13:23 B C:\Users\ProBook\Desktop\comp 213 Webpage Matter\NEM\LinkedIn.png --> studentweb.cencol.ca /mkhanna6/NEM LinkedIn.png
2015.03.16 13:23 B C:\Users\ProBook\Desktop\comp 213 Webpage Matter\NEM\personalWebsite.png --> studentweb.cencol.ca /mkhanna6/NEM personalWebsite.png
2015.03.16 13:23 B C:\Users\ProBook\Desktop\comp 213 Webpage Matter\NEM\ResumeTemplate.png --> studentweb.cencol.ca /mkhanna6/NEM ResumeTemplate.png
2015.03.16 13:23 B C:\Users\ProBook\Desktop\comp 213 Webpage Matter\NEM\Template1.css --> studentweb.cencol.ca /mkhanna6/NEM Template1.css
2015.03.16 13:23 B C:\Users\ProBook\Desktop\comp 213 Webpage Matter\NEM\Template1.html --> studentweb.cencol.ca /mkhanna6/NEM Template1.html
2015.03.16 13:23 B C:\Users\ProBook\Desktop\comp 213 Webpage Matter\NEM\template1.png --> studentweb.cencol.ca /mkhanna6/NEM template1.png
2015.03.16 13:23 B C:\Users\ProBook\Desktop\comp 213 Webpage Matter\NEM\template2.jpg --> studentweb.cencol.ca /mkhanna6/NEM template2.jpg
2015.03.16 13:23 B C:\Users\ProBook\Desktop\comp 213 Webpage Matter\NEM\template3.gif --> studentweb.cencol.ca /mkhanna6/NEM template3.gif
2015.03.16 13:24 B C:\Users\ProBook\Desktop\comp 213 Webpage Matter\NEM\template4.jpg --> studentweb.cencol.ca /mkhanna6/NEM template4.jpg
2015.03.16 13:24 B C:\Users\ProBook\Desktop\comp 213 Webpage Matter\NEM\template5.gif --> studentweb.cencol.ca /mkhanna6/NEM template5.gif
2015.03.16 13:24 B C:\Users\ProBook\Desktop\comp 213 Webpage Matter\NEM\Twitter.png --> studentweb.cencol.ca /mkhanna6/NEM Twitter.png
2015.03.17 13:38 B C:\Users\ProBook\Desktop\comp 213 Webpage Matter\NEM\bullet.gif --> studentweb.cencol.ca /mkhanna6/NEM bullet.gif
2015.03.17 13:38 B C:\Users\ProBook\Desktop\comp 213 Webpage Matter\NEM\Career.html --> studentweb.cencol.ca /mkhanna6/NEM Career.html
2015.03.17 13:38 B C:\Users\ProBook\Desktop\comp 213 Webpage Matter\NEM\Contact.html --> studentweb.cencol.ca /mkhanna6/NEM Contact.html
2015.03.17 13:38 B C:\Users\ProBook\Desktop\comp 213 Webpage Matter\NEM\Education.html --> studentweb.cencol.ca /mkhanna6/NEM Education.html
2015.03.17 13:38 B C:\Users\ProBook\Desktop\comp 213 Webpage Matter\NEM\Template1.html --> studentweb.cencol.ca /mkhanna6/NEM Template1.html
2015.03.17 13:38 B C:\Users\ProBook\Desktop\comp 213 Webpage Matter\NEM\WS_FTP.LOG --> studentweb.cencol.ca /mkhanna6/NEM WS_FTP.LOG
2015.03.17 14:05 B C:\Users\ProBook\Desktop\comp 213 Webpage Matter\NEM\background.jpg --> studentweb.cencol.ca /mkhanna6/NEM background.jpg
2015.03.17 14:05 B C:\Users\ProBook\Desktop\comp 213 Webpage Matter\NEM\bg.jpg --> studentweb.cencol.ca /mkhanna6/NEM bg.jpg
2015.03.17 14:05 B C:\Users\ProBook\Desktop\comp 213 Webpage Matter\NEM\bullet.gif --> studentweb.cencol.ca /mkhanna6/NEM bullet.gif
2015.03.17 14:05 B C:\Users\ProBook\Desktop\comp 213 Webpage Matter\NEM\Career.html --> studentweb.cencol.ca /mkhanna6/NEM Career.html
2015.03.17 14:05 B C:\Users\ProBook\Desktop\comp 213 Webpage Matter\NEM\Contact.html --> studentweb.cencol.ca /mkhanna6/NEM Contact.html
2015.03.17 14:05 B C:\Users\ProBook\Desktop\comp 213 Webpage Matter\NEM\Education.html --> studentweb.cencol.ca /mkhanna6/NEM Education.html
2015.03.17 14:05 B C:\Users\ProBook\Desktop\comp 213 Webpage Matter\NEM\Facebook.png --> studentweb.cencol.ca /mkhanna6/NEM Facebook.png
2015.03.17 14:05 B C:\Users\ProBook\Desktop\comp 213 Webpage Matter\NEM\Instagram.gif --> studentweb.cencol.ca /mkhanna6/NEM Instagram.gif
2015.03.17 14:05 B C:\Users\ProBook\Desktop\comp 213 Webpage Matter\NEM\Instagram.jpg --> studentweb.cencol.ca /mkhanna6/NEM Instagram.jpg
2015.03.17 14:05 B C:\Users\ProBook\Desktop\comp 213 Webpage Matter\NEM\LinkedIn.png --> studentweb.cencol.ca /mkhanna6/NEM LinkedIn.png
2015.03.17 14:05 B C:\Users\ProBook\Desktop\comp 213 Webpage Matter\NEM\personalWebsite.png --> studentweb.cencol.ca /mkhanna6/NEM personalWebsite.png
2015.03.17 14:05 B C:\Users\ProBook\Desktop\comp 213 Webpage Matter\NEM\ResumeTemplate.png --> studentweb.cencol.ca /mkhanna6/NEM ResumeTemplate.png
2015.03.17 14:05 B C:\Users\ProBook\Desktop\comp 213 Webpage Matter\NEM\Template1.css --> studentweb.cencol.ca /mkhanna6/NEM Template1.css
2015.03.17 14:05 B C:\Users\ProBook\Desktop\comp 213 Webpage Matter\NEM\Template1.html --> studentweb.cencol.ca /mkhanna6/NEM Template1.html
2015.03.17 14:05 B C:\Users\ProBook\Desktop\comp 213 Webpage Matter\NEM\template1.png --> studentweb.cencol.ca /mkhanna6/NEM template1.png
2015.03.17 14:05 B C:\Users\ProBook\Desktop\comp 213 Webpage Matter\NEM\template2.jpg --> studentweb.cencol.ca /mkhanna6/NEM template2.jpg
2015.03.17 14:05 B C:\Users\ProBook\Desktop\comp 213 Webpage Matter\NEM\template3.gif --> studentweb.cencol.ca /mkhanna6/NEM template3.gif
2015.03.17 14:05 B C:\Users\ProBook\Desktop\comp 213 Webpage Matter\NEM\template4.jpg --> studentweb.cencol.ca /mkhanna6/NEM template4.jpg
2015.03.17 14:05 B C:\Users\ProBook\Desktop\comp 213 Webpage Matter\NEM\template5.gif --> studentweb.cencol.ca /mkhanna6/NEM template5.gif
2015.03.17 14:05 B C:\Users\ProBook\Desktop\comp 213 Webpage Matter\NEM\Twitter.png --> studentweb.cencol.ca /mkhanna6/NEM Twitter.png
2015.03.17 14:05 B C:\Users\ProBook\Desktop\comp 213 Webpage Matter\NEM\WS_FTP.LOG --> studentweb.cencol.ca /mkhanna6/NEM WS_FTP.LOG
2015.03.17 14:08 B C:\Users\ProBook\Desktop\comp 213 Webpage Matter\NEM\Education.html --> studentweb.cencol.ca /mkhanna6/NEM Education.html
2015.03.17 19:04 B C:\Users\ProBook\Desktop\comp 213 Webpage Matter\NEM\Contact.html --> studentweb.cencol.ca /mkhanna6/NEM Contact.html
2015.03.17 19:12 B C:\Users\ProBook\Desktop\comp 213 Webpage Matter\NEM\Contact.html --> studentweb.cencol.ca /mkhanna6/NEM Contact.html
2015.03.18 00:51 B C:\Users\ProBook\Desktop\comp 213 Webpage Matter\NEM\Contact.html --> studentweb.cencol.ca /mkhanna6/NEM Contact.html
2015.03.18 00:52 B C:\Users\ProBook\Desktop\comp 213 Webpage Matter\NEM\Education.html --> studentweb.cencol.ca /mkhanna6/NEM Education.html
2015.03.18 00:56 B C:\Users\ProBook\Desktop\comp 213 Webpage Matter\NEM\slide1.jpg <-- Manleen /mkhanna6/NEM/Slide2 slide1.jpg
2015.03.18 00:57 B C:\Users\ProBook\Desktop\comp 213 Webpage Matter\NEM\background.jpg --> studentweb.cencol.ca /mkhanna6/NEM background.jpg
2015.03.18 00:57 B C:\Users\ProBook\Desktop\comp 213 Webpage Matter\NEM\bg.jpg --> studentweb.cencol.ca /mkhanna6/NEM bg.jpg
2015.03.18 00:57 B C:\Users\ProBook\Desktop\comp 213 Webpage Matter\NEM\bullet.gif --> studentweb.cencol.ca /mkhanna6/NEM bullet.gif
2015.03.18 00:57 B C:\Users\ProBook\Desktop\comp 213 Webpage Matter\NEM\Career.html --> studentweb.cencol.ca /mkhanna6/NEM Career.html
2015.03.18 00:57 B C:\Users\ProBook\Desktop\comp 213 Webpage Matter\NEM\Contact.html --> studentweb.cencol.ca /mkhanna6/NEM Contact.html
2015.03.18 00:57 B C:\Users\ProBook\Desktop\comp 213 Webpage Matter\NEM\Education.html --> studentweb.cencol.ca /mkhanna6/NEM Education.html
2015.03.18 00:57 B C:\Users\ProBook\Desktop\comp 213 Webpage Matter\NEM\Facebook.png --> studentweb.cencol.ca /mkhanna6/NEM Facebook.png
2015.03.18 00:57 B C:\Users\ProBook\Desktop\comp 213 Webpage Matter\NEM\Instagram.gif --> studentweb.cencol.ca /mkhanna6/NEM Instagram.gif
2015.03.18 00:57 B C:\Users\ProBook\Desktop\comp 213 Webpage Matter\NEM\Instagram.jpg --> studentweb.cencol.ca /mkhanna6/NEM Instagram.jpg
2015.03.18 00:57 B C:\Users\ProBook\Desktop\comp 213 Webpage Matter\NEM\LinkedIn.png --> studentweb.cencol.ca /mkhanna6/NEM LinkedIn.png
2015.03.18 00:58 B C:\Users\ProBook\Desktop\comp 213 Webpage Matter\NEM\personalWebsite.png --> studentweb.cencol.ca /mkhanna6/NEM personalWebsite.png
2015.03.18 00:58 B C:\Users\ProBook\Desktop\comp 213 Webpage Matter\NEM\ResumeTemplate.png --> studentweb.cencol.ca /mkhanna6/NEM ResumeTemplate.png
2015.03.18 00:58 B C:\Users\ProBook\Desktop\comp 213 Webpage Matter\NEM\slide1.jpg --> studentweb.cencol.ca /mkhanna6/NEM slide1.jpg
2015.03.18 00:58 B C:\Users\ProBook\Desktop\comp 213 Webpage Matter\NEM\Template1.css --> studentweb.cencol.ca /mkhanna6/NEM Template1.css
2015.03.18 00:58 B C:\Users\ProBook\Desktop\comp 213 Webpage Matter\NEM\Template1.html --> studentweb.cencol.ca /mkhanna6/NEM Template1.html
2015.03.18 00:58 B C:\Users\ProBook\Desktop\comp 213 Webpage Matter\NEM\template1.png --> studentweb.cencol.ca /mkhanna6/NEM template1.png
2015.03.18 00:58 B C:\Users\ProBook\Desktop\comp 213 Webpage Matter\NEM\template2.jpg --> studentweb.cencol.ca /mkhanna6/NEM template2.jpg
2015.03.18 00:58 B C:\Users\ProBook\Desktop\comp 213 Webpage Matter\NEM\template3.gif --> studentweb.cencol.ca /mkhanna6/NEM template3.gif
2015.03.18 00:58 B C:\Users\ProBook\Desktop\comp 213 Webpage Matter\NEM\template4.jpg --> studentweb.cencol.ca /mkhanna6/NEM template4.jpg
2015.03.18 00:58 B C:\Users\ProBook\Desktop\comp 213 Webpage Matter\NEM\template5.gif --> studentweb.cencol.ca /mkhanna6/NEM template5.gif
2015.03.18 00:58 B C:\Users\ProBook\Desktop\comp 213 Webpage Matter\NEM\Twitter.png --> studentweb.cencol.ca /mkhanna6/NEM Twitter.png
2015.03.18 00:58 B C:\Users\ProBook\Desktop\comp 213 Webpage Matter\NEM\WS_FTP.LOG --> studentweb.cencol.ca /mkhanna6/NEM WS_FTP.LOG
2015.03.18 22:40 B C:\Users\ProBook\Desktop\comp 213 Webpage Matter\NEM\Contact.html --> studentweb.cencol.ca /mkhanna6/NEM Contact.html
2015.03.18 22:40 B C:\Users\ProBook\Desktop\comp 213 Webpage Matter\NEM\Education.html --> studentweb.cencol.ca /mkhanna6/NEM Education.html
2015.03.18 22:40 B C:\Users\ProBook\Desktop\comp 213 Webpage Matter\NEM\Template1.css --> studentweb.cencol.ca /mkhanna6/NEM Template1.css
2015.03.18 22:40 B C:\Users\ProBook\Desktop\comp 213 Webpage Matter\NEM\Template1.html --> studentweb.cencol.ca /mkhanna6/NEM Template1.html
